1715401826788	geckodriver	INFO	Listening on 127.0.0.1:49471
1715401829826	mozrunner::runner	INFO	Running command: "C:\\Users\\DEV-Igor\\.cache\\selenium\\firefox\\win64\\125.0.3\\firefox.exe" "--marionette" "--remote-debug ... "--remote-allow-hosts" "localhost" "-no-remote" "-profile" "C:\\Users\\DEV-Igor\\AppData\\Local\\Temp\\rust_mozprofileOAkGPo"
console.warn: services.settings: Ignoring preference override of remote settings server
console.warn: services.settings: Allow by setting MOZ_REMOTE_SETTINGS_DEVTOOLS=1 in the environment
Dynamically enable window occlusion 0
1715401830384	Marionette	INFO	Marionette enabled
1715401830671	Marionette	INFO	Listening on port 49482
WebDriver BiDi listening on ws://127.0.0.1:49472
Read port: 49482
1715401831052	RemoteAgent	WARN	TLS certificate errors will be ignored for this session
DevTools listening on ws://127.0.0.1:49472/devtools/browser/f330452a-6e81-49b6-8060-1ea47af3a1f1
console.warn: LoginRecipes: "Falling back to a synchronous message for: https://ticketmais.com.br."
console.warn: LoginRecipes: "Falling back to a synchronous message for: https://ticketmais.com.br."
JavaScript warning: https://www.googletagmanager.com/gtag/js?id=G-WH36BHZZF6, line 175: Script terminated by timeout at:
Ya@https://www.googletagmanager.com/gtag/js?id=G-WH36BHZZF6:175:571
Gd/<@https://www.googletagmanager.com/gtag/js?id=G-WH36BHZZF6:221:1
aa.invoke@https://www.googletagmanager.com/gtag/js?id=G-WH36BHZZF6:197:308
gH/<@https://www.googletagmanager.com/gtag/js?id=G-WH36BHZZF6:669:491
Dr@https://www.googletagmanager.com/gtag/js?id=G-WH36BHZZF6:441:231
aa.Dm@https://www.googletagmanager.com/gtag/js?id=G-WH36BHZZF6:657:196
aa.Cm/</<@https://www.googletagmanager.com/gtag/js?id=G-WH36BHZZF6:641:218
el@https://www.googletagmanager.com/gtag/js?id=G-WH36BHZZF6:342:438
rl@https://www.googletagmanager.com/gtag/js?id=G-WH36BHZZF6:345:153
aa.Cm/<@https://www.googletagmanager.com/gtag/js?id=G-WH36BHZZF6:641:204
c@https://www.googletagmanager.com/gtag/js?id=G-WH36BHZZF6:463:169
tt@https://www.googletagmanager.com/gtag/js?id=G-WH36BHZZF6:464:269
aa.Cm@https://www.googletagmanager.com/gtag/js?id=G-WH36BHZZF6:641:190
c@https://www.googletagmanager.com/gtag/js?id=G-WH36BHZZF6:662:675
Tm@https://www.googletagmanager.com/gtag/js?id=G-WH36BHZZF6:354:298
Sm.prototype.flush@https://www.googletagmanager.com/gtag/js?id=G-WH36BHZZF6:357:278
Sm.prototype.push@https://www.googletagmanager.com/gtag/js?id=G-WH36BHZZF6:355:207
Lm@https://www.googletagmanager.com/gtag/js?id=G-WH36BHZZF6:352:770
yG/<@https://www.googletagmanager.com/gtag/js?id=G-WH36BHZZF6:663:178
aa.Mk/<@https://www.googletagmanager.com/gtag/js?id=G-WH36BHZZF6:611:126
aa.Mk/c/<@https://www.googletagmanager.com/gtag/js?id=G-WH36BHZZF6:610:420

1715401859074	Marionette	INFO	Stopped listening on port 49482
Dynamically enable window occlusion 1
