1715401986378	geckodriver	INFO	Listening on 127.0.0.1:50099
1715401989429	mozrunner::runner	INFO	Running command: "C:\\Users\\DEV-Igor\\.cache\\selenium\\firefox\\win64\\125.0.3\\firefox.exe" "--marionette" "--remote-debug ... "--remote-allow-hosts" "localhost" "-no-remote" "-profile" "C:\\Users\\DEV-Igor\\AppData\\Local\\Temp\\rust_mozprofileSi2s4f"
console.warn: services.settings: Ignoring preference override of remote settings server
console.warn: services.settings: Allow by setting MOZ_REMOTE_SETTINGS_DEVTOOLS=1 in the environment
Dynamically enable window occlusion 0
1715401989991	Marionette	INFO	Marionette enabled
1715401990296	Marionette	INFO	Listening on port 50111
WebDriver BiDi listening on ws://127.0.0.1:50100
Read port: 50111
1715401990703	RemoteAgent	WARN	TLS certificate errors will be ignored for this session
DevTools listening on ws://127.0.0.1:50100/devtools/browser/1d87ac55-9e57-40c4-ae3d-51875e0a7014
console.warn: LoginRecipes: "Falling back to a synchronous message for: https://ticketmais.com.br."
console.warn: LoginRecipes: "Falling back to a synchronous message for: https://ticketmais.com.br."
1715402022880	addons.xpi	ERROR	System addon update list error SyntaxError: XMLHttpRequest.open: 'http://%(server)s/dummy-system-addons.xml' is not a valid URL.
console.error: "buildList failed: " ({})
JavaScript warning: https://www.googletagmanager.com/gtag/js?id=G-WH36BHZZF6, line 344: Script terminated by timeout at:
xl@https://www.googletagmanager.com/gtag/js?id=G-WH36BHZZF6:344:889
Lm@https://www.googletagmanager.com/gtag/js?id=G-WH36BHZZF6:351:747
yG/<@https://www.googletagmanager.com/gtag/js?id=G-WH36BHZZF6:662:178
aa.Mk/<@https://www.googletagmanager.com/gtag/js?id=G-WH36BHZZF6:610:126
aa.Mk/c/<@https://www.googletagmanager.com/gtag/js?id=G-WH36BHZZF6:609:420

1715402116826	Marionette	INFO	Stopped listening on port 50111
Dynamically enable window occlusion 1
